Using pre-set license
Built from '2021.3/staging' branch; Version is '2021.3.29f1 (204d6dc9ae1c) revision 2116973'; Using compiler version '192829333'; Build Type 'Release'
OS: 'Windows 10  (10.0.19045) 64bit Professional' Language: 'en' Physical Memory: 16281 MB
BatchMode: 1, IsHumanControllingUs: 0, StartBugReporterOnCrash: 0, Is64bit: 1, IsPro: 1

COMMAND LINE ARGUMENTS:
C:\Program Files\Unity\Hub\Editor\2021.3.29f1\Editor\Unity.exe
-adb2
-batchMode
-noUpm
-name
AssetImportWorker0
-projectPath
C:/Users/Lauren/Documents/3___Major/3D_Anim-and-games_fall-2023/Unity/DAGV project
-logFile
Logs/AssetImportWorker0.log
-srvPort
57786
Successfully changed project path to: C:/Users/Lauren/Documents/3___Major/3D_Anim-and-games_fall-2023/Unity/DAGV project
C:/Users/Lauren/Documents/3___Major/3D_Anim-and-games_fall-2023/Unity/DAGV project
[UnityMemory] Configuration Parameters - Can be set up in boot.config
    "memorysetup-bucket-allocator-granularity=16"
    "memorysetup-bucket-allocator-bucket-count=8"
    "memorysetup-bucket-allocator-block-size=33554432"
    "memorysetup-bucket-allocator-block-count=8"
    "memorysetup-main-allocator-block-size=16777216"
    "memorysetup-thread-allocator-block-size=16777216"
    "memorysetup-gfx-main-allocator-block-size=16777216"
    "memorysetup-gfx-thread-allocator-block-size=16777216"
    "memorysetup-cache-allocator-block-size=4194304"
    "memorysetup-typetree-allocator-block-size=2097152"
    "memorysetup-profiler-bucket-allocator-granularity=16"
    "memorysetup-profiler-bucket-allocator-bucket-count=8"
    "memorysetup-profiler-bucket-allocator-block-size=33554432"
    "memorysetup-profiler-bucket-allocator-block-count=8"
    "memorysetup-profiler-allocator-block-size=16777216"
    "memorysetup-profiler-editor-allocator-block-size=1048576"
    "memorysetup-temp-allocator-size-main=16777216"
    "memorysetup-job-temp-allocator-block-size=2097152"
    "memorysetup-job-temp-allocator-block-size-background=1048576"
    "memorysetup-job-temp-allocator-reduction-small-platforms=262144"
    "memorysetup-temp-allocator-size-background-worker=32768"
    "memorysetup-temp-allocator-size-job-worker=262144"
    "memorysetup-temp-allocator-size-preload-manager=33554432"
    "memorysetup-temp-allocator-size-nav-mesh-worker=65536"
    "memorysetup-temp-allocator-size-audio-worker=65536"
    "memorysetup-temp-allocator-size-cloud-worker=32768"
    "memorysetup-temp-allocator-size-gi-baking-worker=262144"
    "memorysetup-temp-allocator-size-gfx=262144"
Player connection [12632] Host "[IP] 192.168.2.127 [Port] 0 [Flags] 2 [Guid] 3939602157 [EditorId] 3939602157 [Version] 1048832 [Id] WindowsEditor(7,Ursula) [Debug] 1 [PackageName] WindowsEditor [ProjectName] Editor" joined multi-casting on [225.0.0.222:54997]...

Player connection [12632] Host "[IP] 192.168.2.127 [Port] 0 [Flags] 2 [Guid] 3939602157 [EditorId] 3939602157 [Version] 1048832 [Id] WindowsEditor(7,Ursula) [Debug] 1 [PackageName] WindowsEditor [ProjectName] Editor" joined alternative multi-casting on [225.0.0.222:34997]...

Refreshing native plugins compatible for Editor in 65.06 ms, found 3 plugins.
Preloading 0 native plugins for Editor in 0.00 ms.
Initialize engine version: 2021.3.29f1 (204d6dc9ae1c)
[Subsystems] Discovering subsystems at path C:/Program Files/Unity/Hub/Editor/2021.3.29f1/Editor/Data/Resources/UnitySubsystems
[Subsystems] Discovering subsystems at path C:/Users/Lauren/Documents/3___Major/3D_Anim-and-games_fall-2023/Unity/DAGV project/Assets
GfxDevice: creating device client; threaded=0; jobified=0
Direct3D:
    Version:  Direct3D 11.0 [level 11.0]
    Renderer: NVIDIA GeForce GTX 780 (ID=0x1004)
    Vendor:   NVIDIA
    VRAM:     3029 MB
    Driver:   27.21.14.5671
Initialize mono
Mono path[0] = 'C:/Program Files/Unity/Hub/Editor/2021.3.29f1/Editor/Data/Managed'
Mono path[1] = 'C:/Program Files/Unity/Hub/Editor/2021.3.29f1/Editor/Data/MonoBleedingEdge/lib/mono/unityjit-win32'
Mono config path = 'C:/Program Files/Unity/Hub/Editor/2021.3.29f1/Editor/Data/MonoBleedingEdge/etc'
Using monoOptions --debugger-agent=transport=dt_socket,embedding=1,server=y,suspend=n,address=127.0.0.1:56124
Begin MonoManager ReloadAssembly
Registering precompiled unity dll's ...
Register platform support module: C:/Program Files/Unity/Hub/Editor/2021.3.29f1/Editor/Data/PlaybackEngines/WindowsStandaloneSupport/UnityEditor.WindowsStandalone.Extensions.dll
Registered in 0.006724 seconds.
Native extension for WindowsStandalone target not found
Refreshing native plugins compatible for Editor in 72.08 ms, found 3 plugins.
Preloading 0 native plugins for Editor in 0.00 ms.
Mono: successfully reloaded assembly
- Completed reload, in  0.552 seconds
Domain Reload Profiling:
	ReloadAssembly (553ms)
		BeginReloadAssembly (71ms)
			ExecutionOrderSort (0ms)
			DisableScriptedObjects (0ms)
			BackupInstance (0ms)
			ReleaseScriptingObjects (0ms)
			CreateAndSetChildDomain (1ms)
		EndReloadAssembly (395ms)
			LoadAssemblies (69ms)
			RebuildTransferFunctionScriptingTraits (0ms)
			SetupTypeCache (87ms)
			ReleaseScriptCaches (0ms)
			RebuildScriptCaches (25ms)
			SetupLoadedEditorAssemblies (241ms)
				LogAssemblyErrors (0ms)
				InitializePlatformSupportModulesInManaged (7ms)
				SetLoadedEditorAssemblies (0ms)
				RefreshPlugins (72ms)
				BeforeProcessingInitializeOnLoad (1ms)
				ProcessInitializeOnLoadAttributes (120ms)
				ProcessInitializeOnLoadMethodAttributes (40ms)
				AfterProcessingInitializeOnLoad (0ms)
				EditorAssembliesLoaded (0ms)
			ExecutionOrderSort2 (0ms)
			AwakeInstancesAfterBackupRestoration (0ms)
Platform modules already initialized, skipping
Registering precompiled user dll's ...
Registered in 0.004545 seconds.
Begin MonoManager ReloadAssembly
Symbol file LoadedFromMemory doesn't match image C:\Users\Lauren\Documents\3___Major\3D_Anim-and-games_fall-2023\Unity\DAGV project\Library\PackageCache\com.unity.visualscripting@1.8.0\Editor\VisualScripting.Core\Dependencies\YamlDotNet\Unity.VisualScripting.YamlDotNet.dll
Symbol file LoadedFromMemory doesn't match image C:\Users\Lauren\Documents\3___Major\3D_Anim-and-games_fall-2023\Unity\DAGV project\Library\PackageCache\com.unity.visualscripting@1.8.0\Editor\VisualScripting.Core\Dependencies\DotNetZip\Unity.VisualScripting.IonicZip.dll
Native extension for WindowsStandalone target not found
Refreshing native plugins compatible for Editor in 0.46 ms, found 3 plugins.
Preloading 0 native plugins for Editor in 0.00 ms.
Mono: successfully reloaded assembly
- Completed reload, in  0.845 seconds
Domain Reload Profiling:
	ReloadAssembly (846ms)
		BeginReloadAssembly (102ms)
			ExecutionOrderSort (0ms)
			DisableScriptedObjects (5ms)
			BackupInstance (0ms)
			ReleaseScriptingObjects (0ms)
			CreateAndSetChildDomain (15ms)
		EndReloadAssembly (653ms)
			LoadAssemblies (74ms)
			RebuildTransferFunctionScriptingTraits (0ms)
			SetupTypeCache (217ms)
			ReleaseScriptCaches (1ms)
			RebuildScriptCaches (43ms)
			SetupLoadedEditorAssemblies (295ms)
				LogAssemblyErrors (0ms)
				InitializePlatformSupportModulesInManaged (5ms)
				SetLoadedEditorAssemblies (0ms)
				RefreshPlugins (0ms)
				BeforeProcessingInitializeOnLoad (71ms)
				ProcessInitializeOnLoadAttributes (193ms)
				ProcessInitializeOnLoadMethodAttributes (17ms)
				AfterProcessingInitializeOnLoad (7ms)
				EditorAssembliesLoaded (0ms)
			ExecutionOrderSort2 (0ms)
			AwakeInstancesAfterBackupRestoration (5ms)
Platform modules already initialized, skipping
========================================================================
Worker process is ready to serve import requests
Launched and connected shader compiler UnityShaderCompiler.exe after 0.03 seconds
Refreshing native plugins compatible for Editor in 0.65 ms, found 3 plugins.
Preloading 0 native plugins for Editor in 0.00 ms.
Unloading 3203 Unused Serialized files (Serialized files now loaded: 0)
Unloading 22 unused Assets / (48.2 KB). Loaded Objects now: 3669.
Memory consumption went from 120.2 MB to 120.1 MB.
Total: 2.969600 ms (FindLiveObjects: 0.247400 ms CreateObjectMapping: 0.201700 ms MarkObjects: 2.442100 ms  DeleteObjects: 0.077200 ms)

AssetImportParameters requested are different than current active one (requested -> active):
  custom:video-decoder-ogg-theora: a1e56fd34408186e4bbccfd4996cb3dc -> 
  custom:container-muxer-webm: aa71ff27fc2769a1b78a27578f13a17b -> 
  custom:container-demuxer-webm: 4f35f7cbe854078d1ac9338744f61a02 -> 
  custom:video-encoder-webm-vp8: eb34c28f22e8b96e1ab97ce403110664 -> 
  custom:CustomObjectIndexerAttribute: bc11b3a6c3213fcdd17b65e7da85e133 -> 
  custom:audio-encoder-webm-vorbis: bf7c407c2cedff20999df2af8eb42d56 -> 
  custom:framework-win-MediaFoundation: 216162199b28c13a410421893ffa2e32 -> 
  custom:container-demuxer-ogg: 62fdf1f143b41e24485cea50d1cbac27 -> 
  custom:video-decoder-webm-vp8: 9c59270c3fd7afecdb556c50c9e8de78 -> 
  custom:audio-decoder-ogg-vorbis: bf7c407c2cedff20999df2af8eb42d56 -> 
========================================================================
Received Import Request.
  Time since last request: 167643.753085 seconds.
  path: Assets/Plugins/HoudiniEngineUnity/ExampleAssets
  artifactKey: Guid(df3c2fd9d697e4947b95679e82a6254f) Importer(815301076,1909f56bfc062723c751e8b465ee728b)
Start importing Assets/Plugins/HoudiniEngineUnity/ExampleAssets using Guid(df3c2fd9d697e4947b95679e82a6254f) Importer(815301076,1909f56bfc062723c751e8b465ee728b)  -> (artifact id: '6c36ec2991144e0f85d28e3c29746ed0') in 0.012746 seconds 
========================================================================
Received Import Request.
  Time since last request: 0.000031 seconds.
  path: Assets/Plugins/HoudiniEngineUnity/ExampleAssets/ExampleCube.prefab
  artifactKey: Guid(0d83673fbc910694684623ac01b8540a) Importer(815301076,1909f56bfc062723c751e8b465ee728b)
Start importing Assets/Plugins/HoudiniEngineUnity/ExampleAssets/ExampleCube.prefab using Guid(0d83673fbc910694684623ac01b8540a) Importer(815301076,1909f56bfc062723c751e8b465ee728b)  -> (artifact id: 'c621db2a944e2f20f312acec94aec1d6') in 0.167875 seconds 
========================================================================
Received Import Request.
  Time since last request: 158.690564 seconds.
  path: Assets/Plugins/HoudiniEngineUnity/Prefabs/InputBoundingVolume.prefab
  artifactKey: Guid(29de4b7018224e844bdb04546656e27c) Importer(815301076,1909f56bfc062723c751e8b465ee728b)
Start importing Assets/Plugins/HoudiniEngineUnity/Prefabs/InputBoundingVolume.prefab using Guid(29de4b7018224e844bdb04546656e27c) Importer(815301076,1909f56bfc062723c751e8b465ee728b)  -> (artifact id: 'f2b8fad1e53758b33518504aee1a0fe0') in 0.008476 seconds 
========================================================================
Received Import Request.
  Time since last request: 2.151690 seconds.
  path: Assets/Plugins/HoudiniEngineUnity/Editor/HoudiniEngineUnityEditor.asmdef
  artifactKey: Guid(a5c70b2f49477504c850818600d7b491) Importer(815301076,1909f56bfc062723c751e8b465ee728b)
Start importing Assets/Plugins/HoudiniEngineUnity/Editor/HoudiniEngineUnityEditor.asmdef using Guid(a5c70b2f49477504c850818600d7b491) Importer(815301076,1909f56bfc062723c751e8b465ee728b)  -> (artifact id: 'aaf66d507047d19d328cede49f34bc39') in 0.007819 seconds 
========================================================================
Received Import Request.
  Time since last request: 2.091741 seconds.
  path: Assets/Plugins/HoudiniEngineUnity/Editor/UI
  artifactKey: Guid(38370c7265742d94f9cf74fcc5910587) Importer(815301076,1909f56bfc062723c751e8b465ee728b)
Start importing Assets/Plugins/HoudiniEngineUnity/Editor/UI using Guid(38370c7265742d94f9cf74fcc5910587) Importer(815301076,1909f56bfc062723c751e8b465ee728b)  -> (artifact id: '8b5b204a0ece92c550fd906cdd0bbf47') in 0.007785 seconds 
========================================================================
Received Import Request.
  Time since last request: 3.622545 seconds.
  path: Assets/Plugins/HoudiniEngineUnity/Editor/VisualScripting/HoudiniEngineUnityEditor.VisualScripting.asmdef
  artifactKey: Guid(7793375c1d3a7da4d89365ef2362aab2) Importer(815301076,1909f56bfc062723c751e8b465ee728b)
Start importing Assets/Plugins/HoudiniEngineUnity/Editor/VisualScripting/HoudiniEngineUnityEditor.VisualScripting.asmdef using Guid(7793375c1d3a7da4d89365ef2362aab2) Importer(815301076,1909f56bfc062723c751e8b465ee728b)  -> (artifact id: '741b49d807ba414f9ae83d1ef45fdba2') in 0.006680 seconds 
========================================================================
Received Import Request.
  Time since last request: 6.975883 seconds.
  path: Assets/Plugins/HoudiniEngineUnity/Resources/heu_bakeandreplaceIcon.png
  artifactKey: Guid(27a5cbcacbdec3f439414cbb52b817bf) Importer(815301076,1909f56bfc062723c751e8b465ee728b)
Start importing Assets/Plugins/HoudiniEngineUnity/Resources/heu_bakeandreplaceIcon.png using Guid(27a5cbcacbdec3f439414cbb52b817bf) Importer(815301076,1909f56bfc062723c751e8b465ee728b)  -> (artifact id: 'c9f8bd7a15450a3db8b5693109c10700') in 0.111835 seconds 
========================================================================
Received Import Request.
  Time since last request: 0.000019 seconds.
  path: Assets/Plugins/HoudiniEngineUnity/Resources/heu_ui_window_d.png
  artifactKey: Guid(ba3337fdd7f0ab847a4b657c0aefca36) Importer(815301076,1909f56bfc062723c751e8b465ee728b)
Start importing Assets/Plugins/HoudiniEngineUnity/Resources/heu_ui_window_d.png using Guid(ba3337fdd7f0ab847a4b657c0aefca36) Importer(815301076,1909f56bfc062723c751e8b465ee728b)  -> (artifact id: 'dbc4bff6ac886911cd101ceb3514b3c1') in 0.017163 seconds 
========================================================================
Received Import Request.
  Time since last request: 0.000023 seconds.
  path: Assets/Plugins/HoudiniEngineUnity/Resources/heu_hengine.png
  artifactKey: Guid(ba3878a0ebad90e47bffeca420219bfb) Importer(815301076,1909f56bfc062723c751e8b465ee728b)
Start importing Assets/Plugins/HoudiniEngineUnity/Resources/heu_hengine.png using Guid(ba3878a0ebad90e47bffeca420219bfb) Importer(815301076,1909f56bfc062723c751e8b465ee728b)  -> (artifact id: '3ca66e4fd3d84372ba9e5c1e0bcd2db8') in 0.023763 seconds 
========================================================================
Received Import Request.
  Time since last request: 0.000027 seconds.
  path: Assets/Plugins/HoudiniEngineUnity/Resources/heu_resetparametersIcon.png
  artifactKey: Guid(c95a07a3675ec274e89419ed3072ab9d) Importer(815301076,1909f56bfc062723c751e8b465ee728b)
Start importing Assets/Plugins/HoudiniEngineUnity/Resources/heu_resetparametersIcon.png using Guid(c95a07a3675ec274e89419ed3072ab9d) Importer(815301076,1909f56bfc062723c751e8b465ee728b)  -> (artifact id: '102ebf62fefcb5c7062477f90268f22a') in 0.017791 seconds 
========================================================================
Received Import Request.
  Time since last request: 0.000015 seconds.
  path: Assets/Plugins/HoudiniEngineUnity/Resources/heu_ui_window_flat.png
  artifactKey: Guid(79476bddf0cfb5d488f326b560fd7d00) Importer(815301076,1909f56bfc062723c751e8b465ee728b)
Start importing Assets/Plugins/HoudiniEngineUnity/Resources/heu_ui_window_flat.png using Guid(79476bddf0cfb5d488f326b560fd7d00) Importer(815301076,1909f56bfc062723c751e8b465ee728b)  -> (artifact id: 'ae5d53eccbeff98ac7b43918e89743a1') in 0.017113 seconds 
========================================================================
Received Import Request.
  Time since last request: 0.000018 seconds.
  path: Assets/Plugins/HoudiniEngineUnity/Resources/heu_ui_window_flat_d.png
  artifactKey: Guid(044d15fa6d333c54abbdce0e2a67f438) Importer(815301076,1909f56bfc062723c751e8b465ee728b)
Start importing Assets/Plugins/HoudiniEngineUnity/Resources/heu_ui_window_flat_d.png using Guid(044d15fa6d333c54abbdce0e2a67f438) Importer(815301076,1909f56bfc062723c751e8b465ee728b)  -> (artifact id: '277341f6eb55bb29424729f76144747d') in 0.018473 seconds 
========================================================================
Received Import Request.
  Time since last request: 0.000018 seconds.
  path: Assets/Plugins/HoudiniEngineUnity/Resources/heu_hengine_d.png
  artifactKey: Guid(327d937b528628c40b9dcbaeb6c4e1bb) Importer(815301076,1909f56bfc062723c751e8b465ee728b)
Start importing Assets/Plugins/HoudiniEngineUnity/Resources/heu_hengine_d.png using Guid(327d937b528628c40b9dcbaeb6c4e1bb) Importer(815301076,1909f56bfc062723c751e8b465ee728b)  -> (artifact id: '241176e8ac3d2773780a0dfa813571ba') in 0.017175 seconds 
========================================================================
Received Import Request.
  Time since last request: 0.000020 seconds.
  path: Assets/Plugins/HoudiniEngineUnity/Resources/heu_ui_section_box.png
  artifactKey: Guid(64328c0f7f7147c40825d020c1cbcd5e) Importer(815301076,1909f56bfc062723c751e8b465ee728b)
Start importing Assets/Plugins/HoudiniEngineUnity/Resources/heu_ui_section_box.png using Guid(64328c0f7f7147c40825d020c1cbcd5e) Importer(815301076,1909f56bfc062723c751e8b465ee728b)  -> (artifact id: '104fde91ed2c7cf4f9ebacd416000e61') in 0.015465 seconds 
========================================================================
Received Import Request.
  Time since last request: 0.000016 seconds.
  path: Assets/Plugins/HoudiniEngineUnity/Resources/heu_ui_window.png
  artifactKey: Guid(7f021754f02ab994293274df173b5008) Importer(815301076,1909f56bfc062723c751e8b465ee728b)
Start importing Assets/Plugins/HoudiniEngineUnity/Resources/heu_ui_window.png using Guid(7f021754f02ab994293274df173b5008) Importer(815301076,1909f56bfc062723c751e8b465ee728b)  -> (artifact id: 'd2cf66b638ba404212fb4fe5dd86cee5') in 0.017036 seconds 
========================================================================
Received Import Request.
  Time since last request: 2.105995 seconds.
  path: Assets/Plugins/HoudiniEngineUnity/Resources/Textures
  artifactKey: Guid(ca6be50d8cdc8aa4b9f4579c521942ea) Importer(815301076,1909f56bfc062723c751e8b465ee728b)
Start importing Assets/Plugins/HoudiniEngineUnity/Resources/Textures using Guid(ca6be50d8cdc8aa4b9f4579c521942ea) Importer(815301076,1909f56bfc062723c751e8b465ee728b)  -> (artifact id: 'b461738d2fdcf80f450d3a9900f3315e') in 0.007595 seconds 
========================================================================
Received Import Request.
  Time since last request: 0.071619 seconds.
  path: Assets/Plugins/HoudiniEngineUnity/Resources/Textures/heu_terrain_default_splat.png
  artifactKey: Guid(bbe284991ab86bd44876cc28723ec8c0) Importer(815301076,1909f56bfc062723c751e8b465ee728b)
Start importing Assets/Plugins/HoudiniEngineUnity/Resources/Textures/heu_terrain_default_splat.png using Guid(bbe284991ab86bd44876cc28723ec8c0) Importer(815301076,1909f56bfc062723c751e8b465ee728b)  -> (artifact id: '54a2b65e09beda10f41050505bea2c6b') in 0.015877 seconds 
Editor requested this worker to shutdown with reason: Scaling down because of idle timeout
AssetImportWorker is now disconnected from the server
Process exiting
Exiting without the bug reporter. Application will terminate with return code 0